TN:
SF:backend/middleware/auth.js
FN:21,(anonymous_0)
FN:132,(anonymous_1)
FN:133,(anonymous_2)
FNF:3
FNH:0
FNDA:0,(anonymous_0)
FNDA:0,(anonymous_1)
FNDA:0,(anonymous_2)
DA:7,1
DA:21,1
DA:22,0
DA:26,0
DA:28,0
DA:29,0
DA:31,0
DA:32,0
DA:35,0
DA:36,0
DA:39,0
DA:42,0
DA:53,0
DA:59,0
DA:61,0
DA:62,0
DA:64,0
DA:65,0
DA:67,0
DA:75,0
DA:76,0
DA:78,0
DA:79,0
DA:82,0
DA:83,0
DA:84,0
DA:88,0
DA:91,0
DA:93,0
DA:94,0
DA:98,0
DA:106,0
DA:112,0
DA:118,0
DA:123,0
DA:124,0
DA:132,1
DA:133,0
DA:134,0
DA:135,0
DA:138,0
DA:139,0
DA:144,0
LF:43
LH:3
BRDA:7,0,0,1
BRDA:7,0,1,0
BRDA:28,1,0,0
BRDA:28,1,1,0
BRDA:28,2,0,0
BRDA:28,2,1,0
BRDA:35,3,0,0
BRDA:35,3,1,0
BRDA:35,4,0,0
BRDA:35,4,1,0
BRDA:46,5,0,0
BRDA:46,5,1,0
BRDA:61,6,0,0
BRDA:61,6,1,0
BRDA:64,7,0,0
BRDA:64,7,1,0
BRDA:78,8,0,0
BRDA:78,8,1,0
BRDA:78,9,0,0
BRDA:78,9,1,0
BRDA:83,10,0,0
BRDA:83,10,1,0
BRDA:83,11,0,0
BRDA:83,11,1,0
BRDA:93,12,0,0
BRDA:93,12,1,0
BRDA:123,13,0,0
BRDA:123,13,1,0
BRDA:134,14,0,0
BRDA:134,14,1,0
BRDA:138,15,0,0
BRDA:138,15,1,0
BRF:32
BRH:1
end_of_record
TN:
SF:backend/middleware/context.js
FN:16,contextMiddleware
FNF:1
FNH:0
FNDA:0,contextMiddleware
DA:17,0
DA:20,0
DA:21,0
DA:25,0
DA:26,0
DA:30,0
DA:31,0
DA:35,0
DA:40,0
DA:43,0
DA:46,0
DA:49,0
DA:50,0
DA:55,0
DA:56,0
LF:15
LH:0
BRDA:20,0,0,0
BRDA:20,0,1,0
BRDA:25,1,0,0
BRDA:25,1,1,0
BRDA:25,2,0,0
BRDA:25,2,1,0
BRDA:30,3,0,0
BRDA:30,3,1,0
BRDA:49,4,0,0
BRDA:49,4,1,0
BRF:10
BRH:0
end_of_record
TN:
SF:backend/middleware/gdprConsent.js
FN:21,gdprConsentMiddleware
FNF:1
FNH:0
FNDA:0,gdprConsentMiddleware
DA:22,0
DA:24,0
DA:25,0
DA:30,0
DA:31,0
DA:34,0
DA:35,0
DA:36,0
DA:38,0
DA:39,0
DA:40,0
DA:41,0
DA:46,0
DA:49,0
DA:50,0
DA:51,0
DA:52,0
DA:56,0
DA:57,0
DA:61,0
DA:62,0
DA:75,0
DA:76,0
DA:81,0
DA:82,0
DA:86,0
DA:87,0
DA:88,0
DA:102,0
DA:103,0
DA:107,0
DA:108,0
DA:116,0
DA:122,0
DA:125,0
DA:126,0
LF:36
LH:0
BRDA:24,0,0,0
BRDA:24,0,1,0
BRDA:31,1,0,0
BRDA:31,1,1,0
BRDA:34,2,0,0
BRDA:34,2,1,0
BRDA:34,3,0,0
BRDA:34,3,1,0
BRDA:38,4,0,0
BRDA:38,4,1,0
BRDA:49,5,0,0
BRDA:49,5,1,0
BRDA:51,6,0,0
BRDA:51,6,1,0
BRDA:56,7,0,0
BRDA:56,7,1,0
BRDA:61,8,0,0
BRDA:61,8,1,0
BRDA:75,9,0,0
BRDA:75,9,1,0
BRDA:102,10,0,0
BRDA:102,10,1,0
BRDA:107,11,0,0
BRDA:107,11,1,0
BRDA:125,12,0,0
BRDA:125,12,1,0
BRF:26
BRH:0
end_of_record
TN:
SF:backend/middleware/pinataUserAuth.js
FN:2,(anonymous_0)
FNF:1
FNH:0
FNDA:0,(anonymous_0)
DA:2,1
DA:3,0
DA:5,0
DA:6,0
DA:10,0
DA:11,0
DA:14,0
LF:7
LH:1
BRDA:3,0,0,0
BRDA:3,0,1,0
BRDA:5,1,0,0
BRDA:5,1,1,0
BRDA:10,2,0,0
BRDA:10,2,1,0
BRDA:10,3,0,0
BRDA:10,3,1,0
BRF:8
BRH:0
end_of_record
TN:
SF:backend/src/config/env.js
FNF:0
FNH:0
DA:7,1
DA:8,1
DA:12,1
DA:16,1
DA:18,1
DA:20,1
DA:22,1
DA:23,1
LF:8
LH:8
BRDA:12,0,0,1
BRDA:12,0,1,0
BRDA:22,1,0,1
BRDA:22,1,1,0
BRF:4
BRH:2
end_of_record
TN:
SF:backend/src/controllers/authController.js
FN:20,generateNonce
FN:24,normalizeRole
FN:34,(anonymous_2)
FN:83,(anonymous_3)
FNF:4
FNH:3
FNDA:18,generateNonce
FNDA:0,normalizeRole
FNDA:19,(anonymous_2)
FNDA:1,(anonymous_3)
DA:9,1
DA:11,1
DA:12,1
DA:13,1
DA:15,1
DA:21,18
DA:25,0
DA:26,0
DA:27,0
DA:34,1
DA:35,19
DA:36,19
DA:38,19
DA:39,1
DA:42,18
DA:43,18
DA:45,18
DA:46,18
DA:47,18
DA:51,18
DA:63,0
DA:70,0
DA:75,18
DA:76,18
DA:83,1
DA:84,1
DA:85,1
DA:87,1
DA:88,1
DA:93,0
DA:97,0
DA:98,0
DA:99,0
DA:102,0
DA:106,0
DA:107,0
DA:111,0
DA:113,0
DA:114,0
DA:120,0
DA:128,0
DA:129,0
DA:132,0
DA:137,0
DA:143,0
DA:145,0
DA:146,0
DA:153,0
DA:155,0
DA:161,0
DA:163,0
DA:170,0
DA:177,0
DA:189,0
DA:199,0
DA:201,0
DA:202,0
DA:209,0
DA:210,0
DA:213,0
LF:60
LH:24
BRDA:9,0,0,1
BRDA:9,0,1,0
BRDA:11,1,0,1
BRDA:11,1,1,1
BRDA:25,2,0,0
BRDA:25,2,1,0
BRDA:27,3,0,0
BRDA:27,3,1,0
BRDA:38,4,0,1
BRDA:38,4,1,18
BRDA:38,5,0,19
BRDA:38,5,1,19
BRDA:87,6,0,1
BRDA:87,6,1,0
BRDA:87,7,0,1
BRDA:87,7,1,0
BRDA:106,8,0,0
BRDA:106,8,1,0
BRDA:106,9,0,0
BRDA:106,9,1,0
BRDA:113,10,0,0
BRDA:113,10,1,0
BRDA:128,11,0,0
BRDA:128,11,1,0
BRDA:145,12,0,0
BRDA:145,12,1,0
BRDA:201,13,0,0
BRDA:201,13,1,0
BRDA:201,14,0,0
BRDA:201,14,1,0
BRDA:203,15,0,0
BRDA:203,15,1,0
BRDA:209,16,0,0
BRDA:209,16,1,0
BRF:34
BRH:9
end_of_record
TN:
SF:backend/src/controllers/consentController.js
FN:12,(anonymous_0)
FN:23,(anonymous_1)
FN:91,(anonymous_2)
FN:154,(anonymous_3)
FN:184,(anonymous_4)
FN:207,(anonymous_5)
FN:245,(anonymous_6)
FN:246,(anonymous_7)
FN:257,(anonymous_8)
FN:258,(anonymous_9)
FN:265,(anonymous_10)
FN:266,(anonymous_11)
FN:328,(anonymous_12)
FN:342,(anonymous_13)
FNF:14
FNH:0
FNDA:0,(anonymous_0)
FNDA:0,(anonymous_1)
FNDA:0,(anonymous_2)
FNDA:0,(anonymous_3)
FNDA:0,(anonymous_4)
FNDA:0,(anonymous_5)
FNDA:0,(anonymous_6)
FNDA:0,(anonymous_7)
FNDA:0,(anonymous_8)
FNDA:0,(anonymous_9)
FNDA:0,(anonymous_10)
FNDA:0,(anonymous_11)
FNDA:0,(anonymous_12)
FNDA:0,(anonymous_13)
DA:12,1
DA:13,0
DA:14,0
DA:23,1
DA:24,0
DA:25,0
DA:27,0
DA:28,0
DA:34,0
DA:35,0
DA:40,0
DA:53,0
DA:54,0
DA:62,0
DA:71,0
DA:80,0
DA:81,0
DA:91,1
DA:92,0
DA:93,0
DA:95,0
DA:96,0
DA:101,0
DA:104,0
DA:106,0
DA:113,0
DA:115,0
DA:116,0
DA:117,0
DA:120,0
DA:121,0
DA:122,0
DA:125,0
DA:127,0
DA:129,0
DA:130,0
DA:135,0
DA:143,0
DA:144,0
DA:154,1
DA:155,0
DA:156,0
DA:157,0
DA:159,0
DA:170,0
DA:173,0
DA:174,0
DA:175,0
DA:176,0
DA:179,0
DA:181,0
DA:183,0
DA:184,0
DA:194,0
DA:195,0
DA:207,1
DA:208,0
DA:209,0
DA:211,0
DA:212,0
DA:215,0
DA:216,0
DA:217,0
DA:219,0
DA:221,0
DA:222,0
DA:223,0
DA:226,0
DA:227,0
DA:228,0
DA:229,0
DA:230,0
DA:231,0
DA:236,0
DA:239,0
DA:244,0
DA:245,0
DA:246,0
DA:250,0
DA:251,0
DA:256,0
DA:257,0
DA:258,0
DA:263,0
DA:264,0
DA:265,0
DA:266,0
DA:268,0
DA:272,0
DA:273,0
DA:276,0
DA:284,0
DA:289,0
DA:294,0
DA:299,0
DA:300,0
DA:301,0
DA:302,0
DA:304,0
DA:305,0
DA:306,0
DA:316,0
DA:321,0
DA:328,0
DA:329,0
DA:330,0
DA:341,0
DA:343,0
DA:344,0
DA:345,0
DA:348,0
DA:363,0
DA:364,0
LF:113
LH:5
BRDA:13,0,0,0
BRDA:13,0,1,0
BRDA:13,1,0,0
BRDA:13,1,1,0
BRDA:27,2,0,0
BRDA:27,2,1,0
BRDA:27,3,0,0
BRDA:27,3,1,0
BRDA:27,3,2,0
BRDA:53,4,0,0
BRDA:53,4,1,0
BRDA:68,5,0,0
BRDA:68,5,1,0
BRDA:95,6,0,0
BRDA:95,6,1,0
BRDA:95,7,0,0
BRDA:95,7,1,0
BRDA:115,8,0,0
BRDA:115,8,1,0
BRDA:120,9,0,0
BRDA:120,9,1,0
BRDA:129,10,0,0
BRDA:129,10,1,0
BRDA:173,11,0,0
BRDA:173,11,1,0
BRDA:173,12,0,0
BRDA:173,12,1,0
BRDA:173,12,2,0
BRDA:189,13,0,0
BRDA:189,13,1,0
BRDA:211,14,0,0
BRDA:211,14,1,0
BRDA:221,15,0,0
BRDA:221,15,1,0
BRDA:221,16,0,0
BRDA:221,16,1,0
BRDA:226,17,0,0
BRDA:226,17,1,0
BRDA:227,18,0,0
BRDA:227,18,1,0
BRDA:227,19,0,0
BRDA:227,19,1,0
BRDA:227,19,2,0
BRDA:230,20,0,0
BRDA:230,20,1,0
BRDA:231,21,0,0
BRDA:231,21,1,0
BRDA:239,22,0,0
BRDA:239,22,1,0
BRDA:240,23,0,0
BRDA:240,23,1,0
BRDA:240,23,2,0
BRDA:245,24,0,0
BRDA:245,24,1,0
BRDA:245,24,2,0
BRDA:250,25,0,0
BRDA:250,25,1,0
BRDA:251,26,0,0
BRDA:251,26,1,0
BRDA:252,27,0,0
BRDA:252,27,1,0
BRDA:252,27,2,0
BRDA:263,28,0,0
BRDA:263,28,1,0
BRDA:263,29,0,0
BRDA:263,29,1,0
BRDA:265,30,0,0
BRDA:265,30,1,0
BRDA:265,30,2,0
BRDA:272,31,0,0
BRDA:272,31,1,0
BRDA:272,32,0,0
BRDA:272,32,1,0
BRDA:280,33,0,0
BRDA:280,33,1,0
BRDA:280,33,2,0
BRDA:304,34,0,0
BRDA:304,34,1,0
BRDA:305,35,0,0
BRDA:305,35,1,0
BRDA:329,36,0,0
BRDA:329,36,1,0
BRDA:333,37,0,0
BRDA:333,37,1,0
BRDA:334,38,0,0
BRDA:334,38,1,0
BRDA:343,39,0,0
BRDA:343,39,1,0
BRDA:344,40,0,0
BRDA:344,40,1,0
BRDA:357,41,0,0
BRDA:357,41,1,0
BRF:92
BRH:0
end_of_record
TN:
SF:backend/src/controllers/didController.js
FN:11,(anonymous_0)
FN:20,getRegistry
FN:40,(anonymous_2)
FN:124,(anonymous_3)
FN:160,(anonymous_4)
FNF:5
FNH:1
FNDA:1,(anonymous_0)
FNDA:0,getRegistry
FNDA:0,(anonymous_2)
FNDA:0,(anonymous_3)
FNDA:0,(anonymous_4)
DA:11,1
DA:12,1
DA:13,1
DA:14,1
DA:15,1
DA:21,0
DA:22,0
DA:23,0
DA:25,0
DA:28,0
DA:29,0
DA:30,0
DA:33,0
DA:40,1
DA:41,0
DA:42,0
DA:44,0
DA:45,0
DA:48,0
DA:49,0
DA:52,0
DA:55,0
DA:92,0
DA:93,0
DA:97,0
DA:99,0
DA:101,0
DA:102,0
DA:103,0
DA:106,0
DA:115,0
DA:116,0
DA:124,1
DA:125,0
DA:126,0
DA:127,0
DA:128,0
DA:131,0
DA:133,0
DA:134,0
DA:136,0
DA:137,0
DA:140,0
DA:141,0
DA:148,0
DA:149,0
DA:151,0
DA:152,0
DA:160,1
DA:161,0
DA:162,0
DA:163,0
DA:164,0
DA:167,0
DA:168,0
DA:171,0
DA:172,0
DA:173,0
DA:174,0
DA:177,0
DA:180,0
DA:182,0
DA:183,0
DA:185,0
DA:188,0
DA:190,0
DA:199,0
DA:200,0
LF:68
LH:8
BRDA:21,0,0,0
BRDA:21,0,1,0
BRDA:22,1,0,0
BRDA:22,1,1,0
BRDA:28,2,0,0
BRDA:28,2,1,0
BRDA:44,3,0,0
BRDA:44,3,1,0
BRDA:44,4,0,0
BRDA:44,4,1,0
BRDA:62,5,0,0
BRDA:62,5,1,0
BRDA:88,6,0,0
BRDA:88,6,1,0
BRDA:88,7,0,0
BRDA:88,7,1,0
BRDA:97,8,0,0
BRDA:97,8,1,0
BRDA:127,9,0,0
BRDA:127,9,1,0
BRDA:127,10,0,0
BRDA:127,10,1,0
BRDA:136,11,0,0
BRDA:136,11,1,0
BRDA:136,12,0,0
BRDA:136,12,1,0
BRDA:136,12,2,0
BRDA:148,13,0,0
BRDA:148,13,1,0
BRDA:163,14,0,0
BRDA:163,14,1,0
BRDA:163,15,0,0
BRDA:163,15,1,0
BRDA:163,15,2,0
BRDA:173,16,0,0
BRDA:173,16,1,0
BRDA:173,17,0,0
BRDA:173,17,1,0
BRDA:173,17,2,0
BRDA:191,18,0,0
BRDA:191,18,1,0
BRF:41
BRH:0
end_of_record
TN:
SF:backend/src/controllers/disclosureController.js
FN:6,(anonymous_0)
FN:18,(anonymous_1)
FN:89,(anonymous_2)
FN:131,(anonymous_3)
FNF:4
FNH:0
FNDA:0,(anonymous_0)
FNDA:0,(anonymous_1)
FNDA:0,(anonymous_2)
FNDA:0,(anonymous_3)
DA:6,1
DA:7,0
DA:8,0
DA:10,0
DA:11,0
DA:18,1
DA:19,0
DA:20,0
DA:21,0
DA:23,0
DA:24,0
DA:27,0
DA:28,0
DA:30,0
DA:42,0
DA:44,0
DA:45,0
DA:46,0
DA:49,0
DA:53,0
DA:55,0
DA:58,0
DA:63,0
DA:65,0
DA:66,0
DA:67,0
DA:70,0
DA:72,0
DA:81,0
DA:82,0
DA:89,1
DA:90,0
DA:91,0
DA:93,0
DA:94,0
DA:97,0
DA:99,0
DA:116,0
DA:123,0
DA:124,0
DA:131,1
DA:132,0
DA:133,0
DA:135,0
DA:136,0
DA:139,0
DA:141,0
DA:159,0
DA:166,0
DA:167,0
LF:50
LH:4
BRDA:7,0,0,0
BRDA:7,0,1,0
BRDA:10,1,0,0
BRDA:10,1,1,0
BRDA:21,2,0,0
BRDA:21,3,0,0
BRDA:23,4,0,0
BRDA:23,4,1,0
BRDA:28,5,0,0
BRDA:28,5,1,0
BRDA:44,6,0,0
BRDA:44,6,1,0
BRDA:65,7,0,0
BRDA:65,7,1,0
BRDA:93,8,0,0
BRDA:93,8,1,0
BRDA:135,9,0,0
BRDA:135,9,1,0
BRF:18
BRH:0
end_of_record
TN:
SF:backend/src/controllers/gdprController.js
FN:11,(anonymous_0)
FN:39,(anonymous_1)
FNF:2
FNH:0
FNDA:0,(anonymous_0)
FNDA:0,(anonymous_1)
DA:11,1
DA:12,0
DA:13,0
DA:14,0
DA:15,0
DA:18,0
DA:21,0
DA:25,0
DA:26,0
DA:30,0
DA:31,0
DA:32,0
DA:35,0
DA:38,0
DA:39,0
DA:40,0
DA:43,0
DA:44,0
DA:45,0
DA:47,0
DA:52,0
DA:60,0
DA:61,0
DA:65,0
DA:67,0
DA:69,0
DA:71,0
DA:72,0
DA:73,0
DA:77,0
DA:99,0
DA:107,0
DA:108,0
LF:33
LH:1
BRDA:14,0,0,0
BRDA:14,0,1,0
BRDA:21,1,0,0
BRDA:21,1,1,0
BRDA:25,2,0,0
BRDA:25,2,1,0
BRDA:31,3,0,0
BRDA:31,3,1,0
BRDA:31,4,0,0
BRDA:31,4,1,0
BRDA:31,4,2,0
BRDA:39,5,0,0
BRDA:39,5,1,0
BRDA:40,6,0,0
BRDA:40,6,1,0
BRDA:65,7,0,0
BRDA:65,7,1,0
BRF:17
BRH:0
end_of_record
TN:
SF:backend/src/controllers/profileController.js
FN:30,getPinataJwtForRequest
FN:46,(anonymous_1)
FN:150,(anonymous_2)
FN:195,(anonymous_3)
FN:241,(anonymous_4)
FN:253,(anonymous_5)
FNF:6
FNH:0
FNDA:0,getPinataJwtForRequest
FNDA:0,(anonymous_1)
FNDA:0,(anonymous_2)
FNDA:0,(anonymous_3)
FNDA:0,(anonymous_4)
FNDA:0,(anonymous_5)
DA:17,1
DA:31,0
DA:32,0
DA:33,0
DA:37,0
DA:38,0
DA:40,0
DA:46,1
DA:47,0
DA:49,0
DA:51,0
DA:52,0
DA:55,0
DA:57,0
DA:58,0
DA:61,0
DA:62,0
DA:65,0
DA:66,0
DA:69,0
DA:70,0
DA:71,0
DA:72,0
DA:73,0
DA:74,0
DA:78,0
DA:85,0
DA:100,0
DA:101,0
DA:103,0
DA:104,0
DA:106,0
DA:107,0
DA:109,0
DA:118,0
DA:119,0
DA:120,0
DA:125,0
DA:131,0
DA:132,0
DA:133,0
DA:134,0
DA:135,0
DA:136,0
DA:139,0
DA:141,0
DA:142,0
DA:150,1
DA:151,0
DA:152,0
DA:153,0
DA:155,0
DA:156,0
DA:159,0
DA:161,0
DA:162,0
DA:163,0
DA:166,0
DA:167,0
DA:169,0
DA:170,0
DA:179,0
DA:182,0
DA:188,0
DA:194,0
DA:195,0
DA:199,0
DA:200,0
DA:201,0
DA:202,0
DA:203,0
DA:205,0
DA:207,0
DA:208,0
DA:213,0
DA:218,0
DA:223,0
DA:233,0
DA:234,0
DA:241,1
DA:242,0
DA:243,0
DA:244,0
DA:245,0
DA:248,0
DA:249,0
DA:251,0
DA:252,0
DA:253,0
DA:256,0
DA:257,0
DA:259,0
DA:265,0
DA:266,0
DA:268,0
DA:276,0
DA:277,0
DA:278,0
DA:283,0
DA:289,0
DA:290,0
DA:291,0
DA:292,0
DA:293,0
DA:296,0
DA:298,0
DA:299,0
LF:107
LH:4
BRDA:32,0,0,0
BRDA:32,0,1,0
BRDA:37,1,0,0
BRDA:37,1,1,0
BRDA:49,2,0,0
BRDA:49,3,0,0
BRDA:49,4,0,0
BRDA:51,5,0,0
BRDA:51,5,1,0
BRDA:61,6,0,0
BRDA:61,6,1,0
BRDA:62,7,0,0
BRDA:62,7,1,0
BRDA:62,7,2,0
BRDA:69,8,0,0
BRDA:69,8,1,0
BRDA:69,9,0,0
BRDA:69,9,1,0
BRDA:71,10,0,0
BRDA:71,10,1,0
BRDA:73,11,0,0
BRDA:73,11,1,0
BRDA:89,12,0,0
BRDA:89,12,1,0
BRDA:93,13,0,0
BRDA:93,13,1,0
BRDA:104,14,0,0
BRDA:104,14,1,0
BRDA:118,15,0,0
BRDA:118,15,1,0
BRDA:142,16,0,0
BRDA:142,16,1,0
BRDA:153,17,0,0
BRDA:153,17,1,0
BRDA:155,18,0,0
BRDA:155,18,1,0
BRDA:162,19,0,0
BRDA:162,19,1,0
BRDA:162,20,0,0
BRDA:162,20,1,0
BRDA:166,21,0,0
BRDA:166,21,1,0
BRDA:169,22,0,0
BRDA:169,22,1,0
BRDA:179,23,0,0
BRDA:179,23,1,0
BRDA:194,24,0,0
BRDA:194,24,1,0
BRDA:201,25,0,0
BRDA:201,25,1,0
BRDA:205,26,0,0
BRDA:205,26,1,0
BRDA:205,27,0,0
BRDA:205,27,1,0
BRDA:207,28,0,0
BRDA:207,28,1,0
BRDA:210,29,0,0
BRDA:210,29,1,0
BRDA:244,30,0,0
BRDA:244,30,1,0
BRDA:252,31,0,0
BRDA:252,31,1,0
BRDA:252,32,0,0
BRDA:252,32,1,0
BRDA:257,33,0,0
BRDA:257,33,1,0
BRDA:276,34,0,0
BRDA:276,34,1,0
BRF:68
BRH:0
end_of_record
TN:
SF:backend/src/controllers/vcController.js
FN:13,(anonymous_0)
FN:19,getPinataJwtForRequest
FN:37,getVcSigner
FN:41,(anonymous_3)
FN:63,(anonymous_4)
FN:86,(anonymous_5)
FN:325,(anonymous_6)
FN:469,(anonymous_7)
FNF:8
FNH:0
FNDA:0,(anonymous_0)
FNDA:0,getPinataJwtForRequest
FNDA:0,getVcSigner
FNDA:0,(anonymous_3)
FNDA:0,(anonymous_4)
FNDA:0,(anonymous_5)
FNDA:0,(anonymous_6)
FNDA:0,(anonymous_7)
DA:13,1
DA:20,0
DA:21,0
DA:22,0
DA:26,0
DA:27,0
DA:31,0
DA:38,0
DA:39,0
DA:43,0
DA:54,0
DA:55,0
DA:57,0
DA:63,1
DA:64,0
DA:72,0
DA:74,0
DA:75,0
DA:79,0
DA:80,0
DA:86,0
DA:87,0
DA:88,0
DA:90,0
DA:93,0
DA:113,0
DA:114,0
DA:115,0
DA:117,0
DA:129,0
DA:130,0
DA:133,0
DA:134,0
DA:137,0
DA:145,0
DA:150,0
DA:153,0
DA:154,0
DA:157,0
DA:159,0
DA:161,0
DA:175,0
DA:176,0
DA:182,0
DA:183,0
DA:186,0
DA:189,0
DA:190,0
DA:191,0
DA:193,0
DA:194,0
DA:195,0
DA:198,0
DA:213,0
DA:218,0
DA:220,0
DA:225,0
DA:226,0
DA:228,0
DA:230,0
DA:239,0
DA:240,0
DA:243,0
DA:251,0
DA:261,0
DA:266,0
DA:267,0
DA:268,0
DA:270,0
DA:273,0
DA:274,0
DA:275,0
DA:277,0
DA:278,0
DA:279,0
DA:282,0
DA:297,0
DA:302,0
DA:304,0
DA:308,0
DA:309,0
DA:311,0
DA:315,0
DA:317,0
DA:318,0
DA:325,1
DA:326,0
DA:328,0
DA:330,0
DA:339,0
DA:345,0
DA:346,0
DA:347,0
DA:348,0
DA:350,0
DA:351,0
DA:353,0
DA:354,0
DA:355,0
DA:358,0
DA:359,0
DA:361,0
DA:362,0
DA:363,0
DA:366,0
DA:368,0
DA:369,0
DA:370,0
DA:373,0
DA:376,0
DA:377,0
DA:379,0
DA:381,0
DA:383,0
DA:384,0
DA:385,0
DA:388,0
DA:390,0
DA:391,0
DA:392,0
DA:395,0
DA:396,0
DA:399,0
DA:402,0
DA:418,0
DA:419,0
DA:420,0
DA:423,0
DA:424,0
DA:426,0
DA:427,0
DA:428,0
DA:431,0
DA:433,0
DA:443,0
DA:444,0
DA:450,0
DA:460,0
DA:461,0
DA:469,1
DA:470,0
DA:471,0
DA:473,0
DA:474,0
DA:477,0
DA:484,0
DA:492,0
DA:494,0
DA:495,0
DA:496,0
DA:497,0
DA:498,0
DA:499,0
DA:502,0
DA:507,0
DA:508,0
DA:514,0
DA:517,0
DA:520,0
DA:524,0
DA:535,0
DA:536,0
DA:542,0
DA:543,0
DA:544,0
DA:549,0
DA:551,0
DA:554,0
DA:562,0
DA:563,0
DA:564,0
DA:566,0
DA:569,0
DA:572,0
DA:573,0
DA:577,0
DA:581,0
DA:582,0
DA:596,0
DA:608,0
DA:611,0
DA:614,0
DA:615,0
DA:617,0
DA:618,0
DA:619,0
DA:620,0
DA:621,0
DA:622,0
DA:623,0
DA:625,0
DA:626,0
DA:627,0
DA:631,0
LF:194
LH:4
BRDA:21,0,0,0
BRDA:21,0,1,0
BRDA:26,1,0,0
BRDA:26,1,1,0
BRDA:38,2,0,0
BRDA:38,2,1,0
BRDA:54,3,0,0
BRDA:54,3,1,0
BRDA:70,4,0,0
BRDA:74,5,0,0
BRDA:74,5,1,0
BRDA:74,6,0,0
BRDA:74,6,1,0
BRDA:74,6,2,0
BRDA:74,6,3,0
BRDA:79,7,0,0
BRDA:79,7,1,0
BRDA:79,8,0,0
BRDA:79,8,1,0
BRDA:79,8,2,0
BRDA:87,9,0,0
BRDA:87,9,1,0
BRDA:130,10,0,0
BRDA:130,10,1,0
BRDA:175,11,0,0
BRDA:175,11,1,0
BRDA:193,12,0,0
BRDA:193,12,1,0
BRDA:193,13,0,0
BRDA:193,13,1,0
BRDA:194,14,0,0
BRDA:194,14,1,0
BRDA:201,15,0,0
BRDA:201,15,1,0
BRDA:239,16,0,0
BRDA:239,16,1,0
BRDA:277,17,0,0
BRDA:277,17,1,0
BRDA:277,18,0,0
BRDA:277,18,1,0
BRDA:278,19,0,0
BRDA:278,19,1,0
BRDA:285,20,0,0
BRDA:285,20,1,0
BRDA:330,21,0,0
BRDA:330,21,1,0
BRDA:331,22,0,0
BRDA:331,22,1,0
BRDA:331,22,2,0
BRDA:331,22,3,0
BRDA:331,22,4,0
BRDA:331,22,5,0
BRDA:331,22,6,0
BRDA:353,23,0,0
BRDA:353,23,1,0
BRDA:353,24,0,0
BRDA:353,24,1,0
BRDA:354,25,0,0
BRDA:354,25,1,0
BRDA:358,26,0,0
BRDA:358,26,1,0
BRDA:361,27,0,0
BRDA:361,27,1,0
BRDA:368,28,0,0
BRDA:368,28,1,0
BRDA:376,29,0,0
BRDA:376,29,1,0
BRDA:383,30,0,0
BRDA:383,30,1,0
BRDA:390,31,0,0
BRDA:390,31,1,0
BRDA:390,32,0,0
BRDA:390,32,1,0
BRDA:395,33,0,0
BRDA:395,33,1,0
BRDA:418,34,0,0
BRDA:418,34,1,0
BRDA:426,35,0,0
BRDA:426,35,1,0
BRDA:443,36,0,0
BRDA:443,36,1,0
BRDA:473,37,0,0
BRDA:473,37,1,0
BRDA:473,38,0,0
BRDA:473,38,1,0
BRDA:477,39,0,0
BRDA:477,39,1,0
BRDA:478,40,0,0
BRDA:478,40,1,0
BRDA:478,40,2,0
BRDA:478,40,3,0
BRDA:478,40,4,0
BRDA:494,41,0,0
BRDA:494,41,1,0
BRDA:497,42,0,0
BRDA:497,42,1,0
BRDA:520,43,0,0
BRDA:520,43,1,0
BRDA:521,44,0,0
BRDA:521,44,1,0
BRDA:535,45,0,0
BRDA:535,45,1,0
BRDA:543,46,0,0
BRDA:543,46,1,0
BRDA:562,47,0,0
BRDA:562,47,1,0
BRDA:564,48,0,0
BRDA:564,48,1,0
BRDA:564,49,0,0
BRDA:564,49,1,0
BRDA:577,50,0,0
BRDA:577,50,1,0
BRDA:577,50,2,0
BRDA:581,51,0,0
BRDA:581,51,1,0
BRDA:581,52,0,0
BRDA:581,52,1,0
BRDA:587,53,0,0
BRDA:587,53,1,0
BRDA:601,54,0,0
BRDA:601,54,1,0
BRDA:608,55,0,0
BRDA:608,55,1,0
BRDA:615,56,0,0
BRDA:615,56,1,0
BRDA:617,57,0,0
BRDA:617,57,1,0
BRDA:618,58,0,0
BRDA:618,58,1,0
BRDA:618,59,0,0
BRDA:618,59,1,0
BRDA:621,60,0,0
BRDA:621,60,1,0
BRDA:625,61,0,0
BRDA:625,61,1,0
BRF:135
BRH:0
end_of_record
TN:
SF:backend/src/routes/consentRoutes.js
FNF:0
FNH:0
DA:11,1
DA:13,1
DA:14,1
DA:18,1
DA:21,1
LF:5
LH:5
BRF:0
BRH:0
end_of_record
TN:
SF:backend/src/routes/didRoutes.js
FNF:0
FNH:0
DA:5,1
DA:7,1
DA:8,1
DA:9,1
LF:4
LH:4
BRF:0
BRH:0
end_of_record
TN:
SF:backend/src/routes/disclosureRoutes.js
FNF:0
FNH:0
DA:9,1
DA:12,1
DA:15,1
DA:19,1
LF:4
LH:4
BRF:0
BRH:0
end_of_record
TN:
SF:backend/src/routes/gdprRoutes.js
FNF:0
FNH:0
DA:5,1
DA:7,1
LF:2
LH:2
BRF:0
BRH:0
end_of_record
TN:
SF:backend/src/routes/profileRoutes.js
FNF:0
FNH:0
DA:24,1
DA:27,1
DA:30,1
LF:3
LH:3
BRF:0
BRH:0
end_of_record
TN:
SF:backend/src/routes/routeTest.js
FN:11,(anonymous_0)
FN:22,(anonymous_1)
FN:26,(anonymous_2)
FN:37,(anonymous_3)
FN:41,(anonymous_4)
FN:52,(anonymous_5)
FN:69,(anonymous_6)
FN:82,(anonymous_7)
FNF:8
FNH:0
FNDA:0,(anonymous_0)
FNDA:0,(anonymous_1)
FNDA:0,(anonymous_2)
FNDA:0,(anonymous_3)
FNDA:0,(anonymous_4)
FNDA:0,(anonymous_5)
FNDA:0,(anonymous_6)
FNDA:0,(anonymous_7)
DA:8,1
DA:11,1
DA:12,0
DA:22,1
DA:23,0
DA:26,1
DA:27,0
DA:28,0
DA:33,0
DA:37,1
DA:38,0
DA:41,1
DA:42,0
DA:43,0
DA:47,1
DA:53,0
DA:64,1
DA:70,0
DA:77,1
DA:83,0
LF:20
LH:9
BRDA:27,0,0,0
BRDA:27,0,1,0
BRDA:42,1,0,0
BRDA:42,1,1,0
BRDA:42,1,2,0
BRDA:72,2,0,0
BRDA:72,2,1,0
BRF:7
BRH:0
end_of_record
TN:
SF:backend/src/routes/vcRoutes.js
FNF:0
FNH:0
DA:6,1
DA:14,1
DA:26,1
DA:27,1
LF:4
LH:4
BRF:0
BRH:0
end_of_record
TN:
SF:backend/src/utils/asyncHandler.js
FN:2,(anonymous_0)
FN:2,(anonymous_1)
FNF:2
FNH:1
FNDA:3,(anonymous_0)
FNDA:0,(anonymous_1)
DA:2,3
DA:3,0
LF:2
LH:1
BRF:0
BRH:0
end_of_record
TN:
SF:backend/src/utils/db.js
FN:28,(anonymous_0)
FN:32,(anonymous_1)
FN:38,(anonymous_2)
FN:43,(anonymous_3)
FN:49,(anonymous_4)
FNF:5
FNH:2
FNDA:2,(anonymous_0)
FNDA:1,(anonymous_1)
FNDA:0,(anonymous_2)
FNDA:0,(anonymous_3)
FNDA:0,(anonymous_4)
DA:5,1
DA:6,1
DA:8,1
DA:9,0
DA:12,1
DA:13,0
DA:16,1
DA:17,0
DA:21,1
DA:28,1
DA:29,2
DA:32,1
DA:33,1
DA:34,1
DA:38,1
DA:39,0
DA:43,1
DA:44,0
DA:45,0
DA:46,0
DA:49,1
DA:50,0
DA:51,0
DA:52,0
LF:24
LH:14
BRDA:6,0,0,1
BRDA:6,0,1,0
BRDA:8,1,0,0
BRDA:8,1,1,1
BRDA:12,2,0,0
BRDA:12,2,1,1
BRDA:12,3,0,1
BRDA:12,3,1,1
BRDA:16,4,0,0
BRDA:16,4,1,1
BRDA:16,5,0,1
BRDA:16,5,1,0
BRF:12
BRH:7
end_of_record
TN:
SF:backend/src/utils/did.js
FN:9,(anonymous_0)
FN:31,(anonymous_1)
FNF:2
FNH:1
FNDA:18,(anonymous_0)
FNDA:0,(anonymous_1)
DA:9,1
DA:10,18
DA:12,18
DA:15,18
DA:16,0
DA:17,0
DA:21,18
DA:22,0
DA:25,18
DA:31,1
DA:32,0
DA:33,0
DA:34,0
DA:35,0
DA:36,0
DA:38,0
LF:16
LH:7
BRDA:10,0,0,0
BRDA:10,0,1,18
BRDA:15,1,0,0
BRDA:15,1,1,18
BRDA:21,2,0,0
BRDA:21,2,1,18
BRDA:31,3,0,0
BRDA:33,4,0,0
BRDA:33,4,1,0
BRF:9
BRH:3
end_of_record
TN:
SF:backend/test/testHelpers.js
FN:8,getValidJwtFor
FN:54,(anonymous_1)
FNF:2
FNH:1
FNDA:12,getValidJwtFor
FNDA:0,(anonymous_1)
DA:7,1
DA:9,12
DA:10,12
DA:12,12
DA:13,12
DA:15,12
DA:16,12
DA:19,12
DA:23,12
DA:24,12
DA:27,0
DA:28,0
DA:30,0
DA:34,0
DA:35,0
DA:38,0
DA:39,0
DA:45,0
DA:47,0
DA:48,0
DA:52,0
DA:53,0
DA:54,0
DA:55,0
DA:58,0
DA:60,0
LF:26
LH:10
BRDA:23,0,0,12
BRDA:23,0,1,0
BRDA:34,1,0,0
BRDA:34,1,1,0
BRDA:42,2,0,0
BRDA:42,2,1,0
BRDA:43,3,0,0
BRDA:43,3,1,0
BRDA:45,4,0,0
BRDA:45,4,1,0
BRDA:52,5,0,0
BRDA:52,5,1,0
BRDA:52,6,0,0
BRDA:52,6,1,0
BRF:14
BRH:1
end_of_record
TN:
SF:backend/test/testServer.js
FN:36,(anonymous_0)
FN:51,(anonymous_1)
FN:54,(anonymous_2)
FN:77,(anonymous_3)
FNF:4
FNH:1
FNDA:20,(anonymous_0)
FNDA:0,(anonymous_1)
FNDA:0,(anonymous_2)
FNDA:0,(anonymous_3)
DA:2,1
DA:20,1
DA:22,1
DA:24,1
DA:28,1
DA:29,1
DA:31,1
DA:32,1
DA:36,1
DA:37,20
DA:38,0
DA:39,0
DA:40,0
DA:42,20
DA:43,0
DA:44,0
DA:45,0
DA:47,20
DA:51,1
DA:52,0
DA:54,1
DA:57,1
DA:58,1
DA:61,1
DA:62,1
DA:64,1
DA:65,1
DA:66,1
DA:68,1
DA:71,1
DA:72,1
DA:73,1
DA:74,1
DA:77,1
DA:78,0
LF:35
LH:27
BRDA:25,0,0,1
BRDA:25,0,1,1
BRDA:31,1,0,1
BRDA:31,1,1,0
BRDA:37,2,0,0
BRDA:37,2,1,20
BRDA:37,3,0,20
BRDA:37,3,1,0
BRDA:42,4,0,0
BRDA:42,4,1,20
BRDA:42,5,0,20
BRDA:42,5,1,0
BRF:12
BRH:7
end_of_record
