TN:
SF:backend/middleware/auth.js
FN:21,(anonymous_0)
FN:132,(anonymous_1)
FN:133,(anonymous_2)
FNF:3
FNH:0
FNDA:0,(anonymous_0)
FNDA:0,(anonymous_1)
FNDA:0,(anonymous_2)
DA:7,1
DA:21,1
DA:22,0
DA:26,0
DA:28,0
DA:29,0
DA:31,0
DA:32,0
DA:35,0
DA:36,0
DA:39,0
DA:42,0
DA:53,0
DA:59,0
DA:61,0
DA:62,0
DA:64,0
DA:65,0
DA:67,0
DA:75,0
DA:76,0
DA:78,0
DA:79,0
DA:82,0
DA:83,0
DA:84,0
DA:88,0
DA:91,0
DA:93,0
DA:94,0
DA:98,0
DA:106,0
DA:112,0
DA:118,0
DA:123,0
DA:124,0
DA:132,1
DA:133,0
DA:134,0
DA:135,0
DA:138,0
DA:139,0
DA:144,0
LF:43
LH:3
BRDA:7,0,0,1
BRDA:7,0,1,0
BRDA:28,1,0,0
BRDA:28,1,1,0
BRDA:28,2,0,0
BRDA:28,2,1,0
BRDA:35,3,0,0
BRDA:35,3,1,0
BRDA:35,4,0,0
BRDA:35,4,1,0
BRDA:46,5,0,0
BRDA:46,5,1,0
BRDA:61,6,0,0
BRDA:61,6,1,0
BRDA:64,7,0,0
BRDA:64,7,1,0
BRDA:78,8,0,0
BRDA:78,8,1,0
BRDA:78,9,0,0
BRDA:78,9,1,0
BRDA:83,10,0,0
BRDA:83,10,1,0
BRDA:83,11,0,0
BRDA:83,11,1,0
BRDA:93,12,0,0
BRDA:93,12,1,0
BRDA:123,13,0,0
BRDA:123,13,1,0
BRDA:134,14,0,0
BRDA:134,14,1,0
BRDA:138,15,0,0
BRDA:138,15,1,0
BRF:32
BRH:1
end_of_record
TN:
SF:backend/middleware/context.js
FN:16,contextMiddleware
FNF:1
FNH:1
FNDA:21,contextMiddleware
DA:17,21
DA:20,21
DA:21,1
DA:25,21
DA:26,16
DA:30,21
DA:31,4
DA:35,21
DA:40,21
DA:43,21
DA:46,21
DA:49,21
DA:50,1
DA:55,21
DA:56,21
LF:15
LH:15
BRDA:20,0,0,1
BRDA:20,0,1,20
BRDA:25,1,0,16
BRDA:25,1,1,5
BRDA:25,2,0,21
BRDA:25,2,1,20
BRDA:30,3,0,4
BRDA:30,3,1,17
BRDA:49,4,0,1
BRDA:49,4,1,20
BRF:10
BRH:10
end_of_record
TN:
SF:backend/middleware/gdprConsent.js
FN:21,gdprConsentMiddleware
FNF:1
FNH:0
FNDA:0,gdprConsentMiddleware
DA:22,0
DA:24,0
DA:25,0
DA:30,0
DA:31,0
DA:34,0
DA:35,0
DA:36,0
DA:38,0
DA:39,0
DA:40,0
DA:41,0
DA:46,0
DA:49,0
DA:50,0
DA:51,0
DA:52,0
DA:56,0
DA:57,0
DA:61,0
DA:62,0
DA:75,0
DA:76,0
DA:81,0
DA:82,0
DA:86,0
DA:87,0
DA:88,0
DA:102,0
DA:103,0
DA:107,0
DA:108,0
DA:116,0
DA:122,0
DA:125,0
DA:126,0
LF:36
LH:0
BRDA:24,0,0,0
BRDA:24,0,1,0
BRDA:31,1,0,0
BRDA:31,1,1,0
BRDA:34,2,0,0
BRDA:34,2,1,0
BRDA:34,3,0,0
BRDA:34,3,1,0
BRDA:38,4,0,0
BRDA:38,4,1,0
BRDA:49,5,0,0
BRDA:49,5,1,0
BRDA:51,6,0,0
BRDA:51,6,1,0
BRDA:56,7,0,0
BRDA:56,7,1,0
BRDA:61,8,0,0
BRDA:61,8,1,0
BRDA:75,9,0,0
BRDA:75,9,1,0
BRDA:102,10,0,0
BRDA:102,10,1,0
BRDA:107,11,0,0
BRDA:107,11,1,0
BRDA:125,12,0,0
BRDA:125,12,1,0
BRF:26
BRH:0
end_of_record
TN:
SF:backend/middleware/pinataUserAuth.js
FN:2,(anonymous_0)
FNF:1
FNH:0
FNDA:0,(anonymous_0)
DA:2,1
DA:3,0
DA:5,0
DA:6,0
DA:10,0
DA:11,0
DA:14,0
LF:7
LH:1
BRDA:3,0,0,0
BRDA:3,0,1,0
BRDA:5,1,0,0
BRDA:5,1,1,0
BRDA:10,2,0,0
BRDA:10,2,1,0
BRDA:10,3,0,0
BRDA:10,3,1,0
BRF:8
BRH:0
end_of_record
TN:
SF:backend/src/config/env.js
FNF:0
FNH:0
DA:7,1
DA:8,1
DA:12,1
DA:16,1
DA:18,1
DA:20,1
DA:22,1
DA:23,1
LF:8
LH:8
BRDA:12,0,0,1
BRDA:12,0,1,0
BRDA:22,1,0,1
BRDA:22,1,1,0
BRF:4
BRH:2
end_of_record
TN:
SF:backend/src/controllers/authController.js
FN:20,generateNonce
FN:24,normalizeRole
FN:34,(anonymous_2)
FN:83,(anonymous_3)
FNF:4
FNH:4
FNDA:16,generateNonce
FNDA:16,normalizeRole
FNDA:16,(anonymous_2)
FNDA:16,(anonymous_3)
DA:9,1
DA:11,1
DA:12,1
DA:13,1
DA:15,1
DA:21,16
DA:25,16
DA:26,16
DA:27,16
DA:34,1
DA:35,16
DA:36,16
DA:38,16
DA:39,0
DA:42,16
DA:43,16
DA:45,16
DA:46,16
DA:47,16
DA:51,16
DA:63,16
DA:70,16
DA:75,0
DA:76,0
DA:83,1
DA:84,16
DA:85,16
DA:87,16
DA:88,0
DA:93,16
DA:97,16
DA:98,16
DA:99,16
DA:102,0
DA:106,16
DA:107,0
DA:111,16
DA:113,16
DA:114,0
DA:120,16
DA:128,16
DA:129,0
DA:132,16
DA:137,16
DA:143,16
DA:145,16
DA:146,1
DA:153,1
DA:155,1
DA:161,15
DA:163,15
DA:170,15
DA:177,16
DA:189,16
DA:199,0
DA:201,0
DA:202,0
DA:209,0
DA:210,0
DA:213,0
LF:60
LH:46
BRDA:9,0,0,1
BRDA:9,0,1,0
BRDA:11,1,0,1
BRDA:11,1,1,1
BRDA:25,2,0,0
BRDA:25,2,1,16
BRDA:27,3,0,16
BRDA:27,3,1,0
BRDA:38,4,0,0
BRDA:38,4,1,16
BRDA:38,5,0,16
BRDA:38,5,1,16
BRDA:87,6,0,0
BRDA:87,6,1,16
BRDA:87,7,0,16
BRDA:87,7,1,16
BRDA:106,8,0,0
BRDA:106,8,1,16
BRDA:106,9,0,16
BRDA:106,9,1,16
BRDA:113,10,0,0
BRDA:113,10,1,16
BRDA:128,11,0,0
BRDA:128,11,1,16
BRDA:145,12,0,1
BRDA:145,12,1,15
BRDA:201,13,0,0
BRDA:201,13,1,0
BRDA:201,14,0,0
BRDA:201,14,1,0
BRDA:203,15,0,0
BRDA:203,15,1,0
BRDA:209,16,0,0
BRDA:209,16,1,0
BRF:34
BRH:18
end_of_record
TN:
SF:backend/src/controllers/consentController.js
FN:12,(anonymous_0)
FN:23,(anonymous_1)
FN:91,(anonymous_2)
FN:154,(anonymous_3)
FN:184,(anonymous_4)
FN:207,(anonymous_5)
FN:245,(anonymous_6)
FN:246,(anonymous_7)
FN:257,(anonymous_8)
FN:258,(anonymous_9)
FN:265,(anonymous_10)
FN:266,(anonymous_11)
FN:328,(anonymous_12)
FN:342,(anonymous_13)
FNF:14
FNH:5
FNDA:4,(anonymous_0)
FNDA:18,(anonymous_1)
FNDA:3,(anonymous_2)
FNDA:2,(anonymous_3)
FNDA:10,(anonymous_4)
FNDA:0,(anonymous_5)
FNDA:0,(anonymous_6)
FNDA:0,(anonymous_7)
FNDA:0,(anonymous_8)
FNDA:0,(anonymous_9)
FNDA:0,(anonymous_10)
FNDA:0,(anonymous_11)
FNDA:0,(anonymous_12)
FNDA:0,(anonymous_13)
DA:12,1
DA:13,4
DA:14,2
DA:23,1
DA:24,18
DA:25,18
DA:27,18
DA:28,1
DA:34,17
DA:35,17
DA:40,17
DA:53,17
DA:54,4
DA:62,13
DA:71,13
DA:80,0
DA:81,0
DA:91,1
DA:92,3
DA:93,3
DA:95,3
DA:96,0
DA:101,3
DA:104,3
DA:106,3
DA:113,3
DA:115,3
DA:116,0
DA:117,0
DA:120,3
DA:121,1
DA:122,1
DA:125,3
DA:127,3
DA:129,3
DA:130,1
DA:135,2
DA:143,0
DA:144,0
DA:154,1
DA:155,2
DA:156,2
DA:157,2
DA:159,2
DA:170,2
DA:173,2
DA:174,1
DA:175,1
DA:176,1
DA:179,2
DA:181,2
DA:183,2
DA:184,10
DA:194,0
DA:195,0
DA:207,1
DA:208,0
DA:209,0
DA:211,0
DA:212,0
DA:215,0
DA:216,0
DA:217,0
DA:219,0
DA:221,0
DA:222,0
DA:223,0
DA:226,0
DA:227,0
DA:228,0
DA:229,0
DA:230,0
DA:231,0
DA:236,0
DA:239,0
DA:244,0
DA:245,0
DA:246,0
DA:250,0
DA:251,0
DA:256,0
DA:257,0
DA:258,0
DA:263,0
DA:264,0
DA:265,0
DA:266,0
DA:268,0
DA:272,0
DA:273,0
DA:276,0
DA:284,0
DA:289,0
DA:294,0
DA:299,0
DA:300,0
DA:301,0
DA:302,0
DA:304,0
DA:305,0
DA:306,0
DA:316,0
DA:321,0
DA:328,0
DA:329,0
DA:330,0
DA:341,0
DA:343,0
DA:344,0
DA:345,0
DA:348,0
DA:363,0
DA:364,0
LF:113
LH:47
BRDA:13,0,0,2
BRDA:13,0,1,2
BRDA:13,1,0,4
BRDA:13,1,1,2
BRDA:27,2,0,1
BRDA:27,2,1,17
BRDA:27,3,0,18
BRDA:27,3,1,17
BRDA:27,3,2,17
BRDA:53,4,0,4
BRDA:53,4,1,13
BRDA:68,5,0,13
BRDA:68,5,1,13
BRDA:95,6,0,0
BRDA:95,6,1,3
BRDA:95,7,0,3
BRDA:95,7,1,3
BRDA:115,8,0,0
BRDA:115,8,1,3
BRDA:120,9,0,1
BRDA:120,9,1,2
BRDA:129,10,0,1
BRDA:129,10,1,2
BRDA:173,11,0,1
BRDA:173,11,1,1
BRDA:173,12,0,2
BRDA:173,12,1,1
BRDA:173,12,2,1
BRDA:189,13,0,10
BRDA:189,13,1,10
BRDA:211,14,0,0
BRDA:211,14,1,0
BRDA:221,15,0,0
BRDA:221,15,1,0
BRDA:221,16,0,0
BRDA:221,16,1,0
BRDA:226,17,0,0
BRDA:226,17,1,0
BRDA:227,18,0,0
BRDA:227,18,1,0
BRDA:227,19,0,0
BRDA:227,19,1,0
BRDA:227,19,2,0
BRDA:230,20,0,0
BRDA:230,20,1,0
BRDA:231,21,0,0
BRDA:231,21,1,0
BRDA:239,22,0,0
BRDA:239,22,1,0
BRDA:240,23,0,0
BRDA:240,23,1,0
BRDA:240,23,2,0
BRDA:245,24,0,0
BRDA:245,24,1,0
BRDA:245,24,2,0
BRDA:250,25,0,0
BRDA:250,25,1,0
BRDA:251,26,0,0
BRDA:251,26,1,0
BRDA:252,27,0,0
BRDA:252,27,1,0
BRDA:252,27,2,0
BRDA:263,28,0,0
BRDA:263,28,1,0
BRDA:263,29,0,0
BRDA:263,29,1,0
BRDA:265,30,0,0
BRDA:265,30,1,0
BRDA:265,30,2,0
BRDA:272,31,0,0
BRDA:272,31,1,0
BRDA:272,32,0,0
BRDA:272,32,1,0
BRDA:280,33,0,0
BRDA:280,33,1,0
BRDA:280,33,2,0
BRDA:304,34,0,0
BRDA:304,34,1,0
BRDA:305,35,0,0
BRDA:305,35,1,0
BRDA:329,36,0,0
BRDA:329,36,1,0
BRDA:333,37,0,0
BRDA:333,37,1,0
BRDA:334,38,0,0
BRDA:334,38,1,0
BRDA:343,39,0,0
BRDA:343,39,1,0
BRDA:344,40,0,0
BRDA:344,40,1,0
BRDA:357,41,0,0
BRDA:357,41,1,0
BRF:92
BRH:28
end_of_record
TN:
SF:backend/src/controllers/didController.js
FN:11,(anonymous_0)
FN:20,getRegistry
FN:40,(anonymous_2)
FN:124,(anonymous_3)
FN:160,(anonymous_4)
FNF:5
FNH:1
FNDA:1,(anonymous_0)
FNDA:0,getRegistry
FNDA:0,(anonymous_2)
FNDA:0,(anonymous_3)
FNDA:0,(anonymous_4)
DA:11,1
DA:12,1
DA:13,1
DA:14,1
DA:15,1
DA:21,0
DA:22,0
DA:23,0
DA:25,0
DA:28,0
DA:29,0
DA:30,0
DA:33,0
DA:40,1
DA:41,0
DA:42,0
DA:44,0
DA:45,0
DA:48,0
DA:49,0
DA:52,0
DA:55,0
DA:92,0
DA:93,0
DA:97,0
DA:99,0
DA:101,0
DA:102,0
DA:103,0
DA:106,0
DA:115,0
DA:116,0
DA:124,1
DA:125,0
DA:126,0
DA:127,0
DA:128,0
DA:131,0
DA:133,0
DA:134,0
DA:136,0
DA:137,0
DA:140,0
DA:141,0
DA:148,0
DA:149,0
DA:151,0
DA:152,0
DA:160,1
DA:161,0
DA:162,0
DA:163,0
DA:164,0
DA:167,0
DA:168,0
DA:171,0
DA:172,0
DA:173,0
DA:174,0
DA:177,0
DA:180,0
DA:182,0
DA:183,0
DA:185,0
DA:188,0
DA:190,0
DA:199,0
DA:200,0
LF:68
LH:8
BRDA:21,0,0,0
BRDA:21,0,1,0
BRDA:22,1,0,0
BRDA:22,1,1,0
BRDA:28,2,0,0
BRDA:28,2,1,0
BRDA:44,3,0,0
BRDA:44,3,1,0
BRDA:44,4,0,0
BRDA:44,4,1,0
BRDA:62,5,0,0
BRDA:62,5,1,0
BRDA:88,6,0,0
BRDA:88,6,1,0
BRDA:88,7,0,0
BRDA:88,7,1,0
BRDA:97,8,0,0
BRDA:97,8,1,0
BRDA:127,9,0,0
BRDA:127,9,1,0
BRDA:127,10,0,0
BRDA:127,10,1,0
BRDA:136,11,0,0
BRDA:136,11,1,0
BRDA:136,12,0,0
BRDA:136,12,1,0
BRDA:136,12,2,0
BRDA:148,13,0,0
BRDA:148,13,1,0
BRDA:163,14,0,0
BRDA:163,14,1,0
BRDA:163,15,0,0
BRDA:163,15,1,0
BRDA:163,15,2,0
BRDA:173,16,0,0
BRDA:173,16,1,0
BRDA:173,17,0,0
BRDA:173,17,1,0
BRDA:173,17,2,0
BRDA:191,18,0,0
BRDA:191,18,1,0
BRF:41
BRH:0
end_of_record
TN:
SF:backend/src/controllers/disclosureController.js
FN:6,(anonymous_0)
FN:18,(anonymous_1)
FN:89,(anonymous_2)
FN:131,(anonymous_3)
FNF:4
FNH:0
FNDA:0,(anonymous_0)
FNDA:0,(anonymous_1)
FNDA:0,(anonymous_2)
FNDA:0,(anonymous_3)
DA:6,1
DA:7,0
DA:8,0
DA:10,0
DA:11,0
DA:18,1
DA:19,0
DA:20,0
DA:21,0
DA:23,0
DA:24,0
DA:27,0
DA:28,0
DA:30,0
DA:42,0
DA:44,0
DA:45,0
DA:46,0
DA:49,0
DA:53,0
DA:55,0
DA:58,0
DA:63,0
DA:65,0
DA:66,0
DA:67,0
DA:70,0
DA:72,0
DA:81,0
DA:82,0
DA:89,1
DA:90,0
DA:91,0
DA:93,0
DA:94,0
DA:97,0
DA:99,0
DA:116,0
DA:123,0
DA:124,0
DA:131,1
DA:132,0
DA:133,0
DA:135,0
DA:136,0
DA:139,0
DA:141,0
DA:159,0
DA:166,0
DA:167,0
LF:50
LH:4
BRDA:7,0,0,0
BRDA:7,0,1,0
BRDA:10,1,0,0
BRDA:10,1,1,0
BRDA:21,2,0,0
BRDA:21,3,0,0
BRDA:23,4,0,0
BRDA:23,4,1,0
BRDA:28,5,0,0
BRDA:28,5,1,0
BRDA:44,6,0,0
BRDA:44,6,1,0
BRDA:65,7,0,0
BRDA:65,7,1,0
BRDA:93,8,0,0
BRDA:93,8,1,0
BRDA:135,9,0,0
BRDA:135,9,1,0
BRF:18
BRH:0
end_of_record
TN:
SF:backend/src/controllers/gdprController.js
FN:11,(anonymous_0)
FN:39,(anonymous_1)
FNF:2
FNH:0
FNDA:0,(anonymous_0)
FNDA:0,(anonymous_1)
DA:11,1
DA:12,0
DA:13,0
DA:14,0
DA:15,0
DA:18,0
DA:21,0
DA:25,0
DA:26,0
DA:30,0
DA:31,0
DA:32,0
DA:35,0
DA:38,0
DA:39,0
DA:40,0
DA:43,0
DA:44,0
DA:45,0
DA:47,0
DA:52,0
DA:60,0
DA:61,0
DA:65,0
DA:67,0
DA:69,0
DA:71,0
DA:72,0
DA:73,0
DA:77,0
DA:99,0
DA:107,0
DA:108,0
LF:33
LH:1
BRDA:14,0,0,0
BRDA:14,0,1,0
BRDA:21,1,0,0
BRDA:21,1,1,0
BRDA:25,2,0,0
BRDA:25,2,1,0
BRDA:31,3,0,0
BRDA:31,3,1,0
BRDA:31,4,0,0
BRDA:31,4,1,0
BRDA:31,4,2,0
BRDA:39,5,0,0
BRDA:39,5,1,0
BRDA:40,6,0,0
BRDA:40,6,1,0
BRDA:65,7,0,0
BRDA:65,7,1,0
BRF:17
BRH:0
end_of_record
TN:
SF:backend/src/controllers/profileController.js
FN:30,getPinataJwtForRequest
FN:46,(anonymous_1)
FN:150,(anonymous_2)
FN:195,(anonymous_3)
FN:241,(anonymous_4)
FN:253,(anonymous_5)
FNF:6
FNH:0
FNDA:0,getPinataJwtForRequest
FNDA:0,(anonymous_1)
FNDA:0,(anonymous_2)
FNDA:0,(anonymous_3)
FNDA:0,(anonymous_4)
FNDA:0,(anonymous_5)
DA:17,1
DA:31,0
DA:32,0
DA:33,0
DA:37,0
DA:38,0
DA:40,0
DA:46,1
DA:47,0
DA:49,0
DA:51,0
DA:52,0
DA:55,0
DA:57,0
DA:58,0
DA:61,0
DA:62,0
DA:65,0
DA:66,0
DA:69,0
DA:70,0
DA:71,0
DA:72,0
DA:73,0
DA:74,0
DA:78,0
DA:85,0
DA:100,0
DA:101,0
DA:103,0
DA:104,0
DA:106,0
DA:107,0
DA:109,0
DA:118,0
DA:119,0
DA:120,0
DA:125,0
DA:131,0
DA:132,0
DA:133,0
DA:134,0
DA:135,0
DA:136,0
DA:139,0
DA:141,0
DA:142,0
DA:150,1
DA:151,0
DA:152,0
DA:153,0
DA:155,0
DA:156,0
DA:159,0
DA:161,0
DA:162,0
DA:163,0
DA:166,0
DA:167,0
DA:169,0
DA:170,0
DA:179,0
DA:182,0
DA:188,0
DA:194,0
DA:195,0
DA:199,0
DA:200,0
DA:201,0
DA:202,0
DA:203,0
DA:205,0
DA:207,0
DA:208,0
DA:213,0
DA:218,0
DA:223,0
DA:233,0
DA:234,0
DA:241,1
DA:242,0
DA:243,0
DA:244,0
DA:245,0
DA:248,0
DA:249,0
DA:251,0
DA:252,0
DA:253,0
DA:256,0
DA:257,0
DA:259,0
DA:265,0
DA:266,0
DA:268,0
DA:276,0
DA:277,0
DA:278,0
DA:283,0
DA:289,0
DA:290,0
DA:291,0
DA:292,0
DA:293,0
DA:296,0
DA:298,0
DA:299,0
LF:107
LH:4
BRDA:32,0,0,0
BRDA:32,0,1,0
BRDA:37,1,0,0
BRDA:37,1,1,0
BRDA:49,2,0,0
BRDA:49,3,0,0
BRDA:49,4,0,0
BRDA:51,5,0,0
BRDA:51,5,1,0
BRDA:61,6,0,0
BRDA:61,6,1,0
BRDA:62,7,0,0
BRDA:62,7,1,0
BRDA:62,7,2,0
BRDA:69,8,0,0
BRDA:69,8,1,0
BRDA:69,9,0,0
BRDA:69,9,1,0
BRDA:71,10,0,0
BRDA:71,10,1,0
BRDA:73,11,0,0
BRDA:73,11,1,0
BRDA:89,12,0,0
BRDA:89,12,1,0
BRDA:93,13,0,0
BRDA:93,13,1,0
BRDA:104,14,0,0
BRDA:104,14,1,0
BRDA:118,15,0,0
BRDA:118,15,1,0
BRDA:142,16,0,0
BRDA:142,16,1,0
BRDA:153,17,0,0
BRDA:153,17,1,0
BRDA:155,18,0,0
BRDA:155,18,1,0
BRDA:162,19,0,0
BRDA:162,19,1,0
BRDA:162,20,0,0
BRDA:162,20,1,0
BRDA:166,21,0,0
BRDA:166,21,1,0
BRDA:169,22,0,0
BRDA:169,22,1,0
BRDA:179,23,0,0
BRDA:179,23,1,0
BRDA:194,24,0,0
BRDA:194,24,1,0
BRDA:201,25,0,0
BRDA:201,25,1,0
BRDA:205,26,0,0
BRDA:205,26,1,0
BRDA:205,27,0,0
BRDA:205,27,1,0
BRDA:207,28,0,0
BRDA:207,28,1,0
BRDA:210,29,0,0
BRDA:210,29,1,0
BRDA:244,30,0,0
BRDA:244,30,1,0
BRDA:252,31,0,0
BRDA:252,31,1,0
BRDA:252,32,0,0
BRDA:252,32,1,0
BRDA:257,33,0,0
BRDA:257,33,1,0
BRDA:276,34,0,0
BRDA:276,34,1,0
BRF:68
BRH:0
end_of_record
TN:
SF:backend/src/controllers/vcController.js
FN:19,getPinataJwtForRequest
FN:35,getVcSigner
FN:39,(anonymous_2)
FN:61,(anonymous_3)
FN:84,(anonymous_4)
FN:281,(anonymous_5)
FN:431,(anonymous_6)
FNF:7
FNH:0
FNDA:0,getPinataJwtForRequest
FNDA:0,getVcSigner
FNDA:0,(anonymous_2)
FNDA:0,(anonymous_3)
FNDA:0,(anonymous_4)
FNDA:0,(anonymous_5)
FNDA:0,(anonymous_6)
DA:20,0
DA:21,0
DA:22,0
DA:26,0
DA:27,0
DA:29,0
DA:36,0
DA:37,0
DA:41,0
DA:52,0
DA:53,0
DA:55,0
DA:61,1
DA:62,0
DA:70,0
DA:72,0
DA:73,0
DA:77,0
DA:78,0
DA:84,0
DA:85,0
DA:86,0
DA:88,0
DA:91,0
DA:111,0
DA:112,0
DA:113,0
DA:115,0
DA:127,0
DA:128,0
DA:131,0
DA:132,0
DA:135,0
DA:143,0
DA:144,0
DA:147,0
DA:148,0
DA:149,0
DA:151,0
DA:153,0
DA:166,0
DA:167,0
DA:173,0
DA:174,0
DA:176,0
DA:179,0
DA:180,0
DA:181,0
DA:183,0
DA:184,0
DA:185,0
DA:188,0
DA:203,0
DA:204,0
DA:206,0
DA:211,0
DA:212,0
DA:214,0
DA:216,0
DA:224,0
DA:229,0
DA:230,0
DA:231,0
DA:232,0
DA:235,0
DA:236,0
DA:237,0
DA:239,0
DA:240,0
DA:241,0
DA:244,0
DA:259,0
DA:260,0
DA:262,0
DA:263,0
DA:264,0
DA:266,0
DA:270,0
DA:273,0
DA:274,0
DA:281,1
DA:282,0
DA:290,0
DA:292,0
DA:301,0
DA:307,0
DA:308,0
DA:309,0
DA:310,0
DA:312,0
DA:313,0
DA:315,0
DA:316,0
DA:317,0
DA:320,0
DA:321,0
DA:323,0
DA:324,0
DA:325,0
DA:328,0
DA:330,0
DA:331,0
DA:332,0
DA:335,0
DA:338,0
DA:339,0
DA:341,0
DA:343,0
DA:345,0
DA:346,0
DA:347,0
DA:350,0
DA:352,0
DA:353,0
DA:354,0
DA:357,0
DA:358,0
DA:359,0
DA:362,0
DA:379,0
DA:380,0
DA:381,0
DA:384,0
DA:385,0
DA:387,0
DA:388,0
DA:389,0
DA:392,0
DA:394,0
DA:404,0
DA:405,0
DA:411,0
DA:422,0
DA:423,0
DA:431,1
DA:432,0
DA:433,0
DA:435,0
DA:436,0
DA:439,0
DA:446,0
DA:454,0
DA:456,0
DA:457,0
DA:458,0
DA:459,0
DA:460,0
DA:461,0
DA:464,0
DA:469,0
DA:470,0
DA:476,0
DA:479,0
DA:482,0
DA:486,0
DA:497,0
DA:498,0
DA:503,0
DA:504,0
DA:505,0
DA:510,0
DA:512,0
DA:515,0
DA:523,0
DA:524,0
DA:525,0
DA:527,0
DA:533,0
DA:536,0
DA:537,0
DA:544,0
DA:548,0
DA:549,0
DA:563,0
DA:576,0
DA:579,0
DA:582,0
DA:583,0
DA:586,0
DA:587,0
DA:588,0
DA:589,0
DA:590,0
DA:591,0
DA:592,0
DA:593,0
DA:594,0
DA:595,0
DA:599,0
LF:189
LH:3
BRDA:21,0,0,0
BRDA:21,0,1,0
BRDA:26,1,0,0
BRDA:26,1,1,0
BRDA:36,2,0,0
BRDA:36,2,1,0
BRDA:52,3,0,0
BRDA:52,3,1,0
BRDA:68,4,0,0
BRDA:72,5,0,0
BRDA:72,5,1,0
BRDA:72,6,0,0
BRDA:72,6,1,0
BRDA:72,6,2,0
BRDA:72,6,3,0
BRDA:77,7,0,0
BRDA:77,7,1,0
BRDA:77,8,0,0
BRDA:77,8,1,0
BRDA:77,8,2,0
BRDA:85,9,0,0
BRDA:85,9,1,0
BRDA:128,10,0,0
BRDA:128,10,1,0
BRDA:166,11,0,0
BRDA:166,11,1,0
BRDA:183,12,0,0
BRDA:183,12,1,0
BRDA:183,13,0,0
BRDA:183,13,1,0
BRDA:184,14,0,0
BRDA:184,14,1,0
BRDA:191,15,0,0
BRDA:191,15,1,0
BRDA:239,16,0,0
BRDA:239,16,1,0
BRDA:239,17,0,0
BRDA:239,17,1,0
BRDA:240,18,0,0
BRDA:240,18,1,0
BRDA:247,19,0,0
BRDA:247,19,1,0
BRDA:292,20,0,0
BRDA:292,20,1,0
BRDA:293,21,0,0
BRDA:293,21,1,0
BRDA:293,21,2,0
BRDA:293,21,3,0
BRDA:293,21,4,0
BRDA:293,21,5,0
BRDA:293,21,6,0
BRDA:315,22,0,0
BRDA:315,22,1,0
BRDA:315,23,0,0
BRDA:315,23,1,0
BRDA:316,24,0,0
BRDA:316,24,1,0
BRDA:320,25,0,0
BRDA:320,25,1,0
BRDA:323,26,0,0
BRDA:323,26,1,0
BRDA:330,27,0,0
BRDA:330,27,1,0
BRDA:338,28,0,0
BRDA:338,28,1,0
BRDA:345,29,0,0
BRDA:345,29,1,0
BRDA:352,30,0,0
BRDA:352,30,1,0
BRDA:352,31,0,0
BRDA:352,31,1,0
BRDA:357,32,0,0
BRDA:357,32,1,0
BRDA:379,33,0,0
BRDA:379,33,1,0
BRDA:387,34,0,0
BRDA:387,34,1,0
BRDA:404,35,0,0
BRDA:404,35,1,0
BRDA:435,36,0,0
BRDA:435,36,1,0
BRDA:435,37,0,0
BRDA:435,37,1,0
BRDA:439,38,0,0
BRDA:439,38,1,0
BRDA:440,39,0,0
BRDA:440,39,1,0
BRDA:440,39,2,0
BRDA:440,39,3,0
BRDA:440,39,4,0
BRDA:456,40,0,0
BRDA:456,40,1,0
BRDA:459,41,0,0
BRDA:459,41,1,0
BRDA:482,42,0,0
BRDA:482,42,1,0
BRDA:483,43,0,0
BRDA:483,43,1,0
BRDA:497,44,0,0
BRDA:497,44,1,0
BRDA:504,45,0,0
BRDA:504,45,1,0
BRDA:523,46,0,0
BRDA:523,46,1,0
BRDA:525,47,0,0
BRDA:525,47,1,0
BRDA:525,48,0,0
BRDA:525,48,1,0
BRDA:544,49,0,0
BRDA:544,49,1,0
BRDA:544,49,2,0
BRDA:548,50,0,0
BRDA:548,50,1,0
BRDA:548,51,0,0
BRDA:548,51,1,0
BRDA:554,52,0,0
BRDA:554,52,1,0
BRDA:568,53,0,0
BRDA:568,53,1,0
BRDA:576,54,0,0
BRDA:576,54,1,0
BRDA:583,55,0,0
BRDA:583,55,1,0
BRDA:586,56,0,0
BRDA:586,56,1,0
BRDA:587,57,0,0
BRDA:587,57,1,0
BRDA:587,58,0,0
BRDA:587,58,1,0
BRDA:590,59,0,0
BRDA:590,59,1,0
BRDA:593,60,0,0
BRDA:593,60,1,0
BRF:133
BRH:0
end_of_record
TN:
SF:backend/src/routes/consentRoutes.js
FNF:0
FNH:0
DA:11,1
DA:13,1
DA:14,1
DA:18,1
DA:21,1
LF:5
LH:5
BRF:0
BRH:0
end_of_record
TN:
SF:backend/src/routes/didRoutes.js
FNF:0
FNH:0
DA:5,1
DA:7,1
DA:8,1
DA:9,1
LF:4
LH:4
BRF:0
BRH:0
end_of_record
TN:
SF:backend/src/routes/disclosureRoutes.js
FNF:0
FNH:0
DA:9,1
DA:12,1
DA:15,1
DA:19,1
LF:4
LH:4
BRF:0
BRH:0
end_of_record
TN:
SF:backend/src/routes/gdprRoutes.js
FNF:0
FNH:0
DA:5,1
DA:7,1
LF:2
LH:2
BRF:0
BRH:0
end_of_record
TN:
SF:backend/src/routes/profileRoutes.js
FNF:0
FNH:0
DA:24,1
DA:27,1
DA:30,1
LF:3
LH:3
BRF:0
BRH:0
end_of_record
TN:
SF:backend/src/routes/routeTest.js
FN:11,(anonymous_0)
FN:22,(anonymous_1)
FN:26,(anonymous_2)
FN:37,(anonymous_3)
FN:41,(anonymous_4)
FN:52,(anonymous_5)
FN:69,(anonymous_6)
FN:82,(anonymous_7)
FNF:8
FNH:0
FNDA:0,(anonymous_0)
FNDA:0,(anonymous_1)
FNDA:0,(anonymous_2)
FNDA:0,(anonymous_3)
FNDA:0,(anonymous_4)
FNDA:0,(anonymous_5)
FNDA:0,(anonymous_6)
FNDA:0,(anonymous_7)
DA:8,1
DA:11,1
DA:12,0
DA:22,1
DA:23,0
DA:26,1
DA:27,0
DA:28,0
DA:33,0
DA:37,1
DA:38,0
DA:41,1
DA:42,0
DA:43,0
DA:47,1
DA:53,0
DA:64,1
DA:70,0
DA:77,1
DA:83,0
LF:20
LH:9
BRDA:27,0,0,0
BRDA:27,0,1,0
BRDA:42,1,0,0
BRDA:42,1,1,0
BRDA:42,1,2,0
BRDA:72,2,0,0
BRDA:72,2,1,0
BRF:7
BRH:0
end_of_record
TN:
SF:backend/src/routes/vcRoutes.js
FNF:0
FNH:0
DA:6,1
DA:14,1
DA:26,1
DA:27,1
LF:4
LH:4
BRF:0
BRH:0
end_of_record
TN:
SF:backend/src/utils/asyncHandler.js
FN:2,(anonymous_0)
FN:2,(anonymous_1)
FNF:2
FNH:1
FNDA:3,(anonymous_0)
FNDA:0,(anonymous_1)
DA:2,3
DA:3,0
LF:2
LH:1
BRF:0
BRH:0
end_of_record
TN:
SF:backend/src/utils/db.js
FN:28,(anonymous_0)
FN:36,(anonymous_1)
FN:41,(anonymous_2)
FN:47,(anonymous_3)
FNF:4
FNH:1
FNDA:1,(anonymous_0)
FNDA:0,(anonymous_1)
FNDA:0,(anonymous_2)
FNDA:0,(anonymous_3)
DA:5,1
DA:6,1
DA:8,1
DA:9,0
DA:12,1
DA:13,0
DA:16,1
DA:17,0
DA:21,1
DA:28,1
DA:29,1
DA:32,1
DA:33,1
DA:36,1
DA:37,0
DA:41,1
DA:42,0
DA:43,0
DA:44,0
DA:47,1
DA:48,0
DA:49,0
DA:50,0
LF:23
LH:13
BRDA:6,0,0,1
BRDA:6,0,1,0
BRDA:8,1,0,0
BRDA:8,1,1,1
BRDA:12,2,0,0
BRDA:12,2,1,1
BRDA:12,3,0,1
BRDA:12,3,1,1
BRDA:16,4,0,0
BRDA:16,4,1,1
BRDA:16,5,0,1
BRDA:16,5,1,0
BRF:12
BRH:7
end_of_record
TN:
SF:backend/src/utils/did.js
FN:8,(anonymous_0)
FN:30,(anonymous_1)
FNF:2
FNH:2
FNDA:54,(anonymous_0)
FNDA:22,(anonymous_1)
DA:8,1
DA:9,54
DA:11,54
DA:14,54
DA:15,22
DA:16,22
DA:20,54
DA:21,0
DA:24,54
DA:30,1
DA:31,22
DA:32,22
DA:33,0
DA:34,0
DA:35,0
DA:37,22
LF:16
LH:12
BRDA:9,0,0,0
BRDA:9,0,1,54
BRDA:14,1,0,22
BRDA:14,1,1,32
BRDA:20,2,0,0
BRDA:20,2,1,54
BRDA:30,3,0,22
BRDA:32,4,0,0
BRDA:32,4,1,22
BRF:9
BRH:6
end_of_record
TN:
SF:backend/test/testHelpers.js
FN:8,getValidJwtFor
FN:54,(anonymous_1)
FNF:2
FNH:1
FNDA:16,getValidJwtFor
FNDA:0,(anonymous_1)
DA:7,1
DA:9,16
DA:10,16
DA:12,16
DA:13,16
DA:15,16
DA:16,16
DA:19,16
DA:23,16
DA:24,0
DA:27,16
DA:28,16
DA:30,16
DA:34,16
DA:35,16
DA:38,16
DA:39,16
DA:45,16
DA:47,16
DA:48,16
DA:52,0
DA:53,0
DA:54,0
DA:55,0
DA:58,0
DA:60,0
LF:26
LH:19
BRDA:23,0,0,0
BRDA:23,0,1,16
BRDA:34,1,0,16
BRDA:34,1,1,0
BRDA:42,2,0,16
BRDA:42,2,1,0
BRDA:43,3,0,16
BRDA:43,3,1,0
BRDA:45,4,0,16
BRDA:45,4,1,0
BRDA:52,5,0,0
BRDA:52,5,1,0
BRDA:52,6,0,0
BRDA:52,6,1,0
BRF:14
BRH:5
end_of_record
TN:
SF:backend/test/testServer.js
FN:36,(anonymous_0)
FN:51,(anonymous_1)
FN:54,(anonymous_2)
FN:77,(anonymous_3)
FNF:4
FNH:1
FNDA:55,(anonymous_0)
FNDA:0,(anonymous_1)
FNDA:0,(anonymous_2)
FNDA:0,(anonymous_3)
DA:2,1
DA:20,1
DA:22,1
DA:24,1
DA:28,1
DA:29,1
DA:31,1
DA:32,1
DA:36,1
DA:37,55
DA:38,0
DA:39,0
DA:40,0
DA:42,55
DA:43,0
DA:44,0
DA:45,0
DA:47,55
DA:51,1
DA:52,0
DA:54,1
DA:57,1
DA:58,1
DA:61,1
DA:62,1
DA:64,1
DA:65,1
DA:66,1
DA:68,1
DA:71,1
DA:72,1
DA:73,1
DA:74,1
DA:77,1
DA:78,0
LF:35
LH:27
BRDA:25,0,0,1
BRDA:25,0,1,1
BRDA:31,1,0,1
BRDA:31,1,1,0
BRDA:37,2,0,0
BRDA:37,2,1,55
BRDA:37,3,0,55
BRDA:37,3,1,0
BRDA:42,4,0,0
BRDA:42,4,1,55
BRDA:42,5,0,55
BRDA:42,5,1,0
BRF:12
BRH:7
end_of_record
